SF:C:\Users\Ameer\Documents\SortAlgorithmChooser\SortManager\Model\BubbleSortModel.cs
FN:10,System.Int32[] Model.BubbleSortModel::Sort(System.Int32[])
FNDA:5,System.Int32[] Model.BubbleSortModel::Sort(System.Int32[])
DA:11,5
DA:12,5
DA:13,1
DA:15,72
DA:16,32
DA:17,288
DA:18,112
DA:19,112
DA:20,57
DA:21,57
DA:22,57
DA:23,57
DA:24,57
DA:25,112
DA:26,32
DA:28,4
DA:29,4
BRDA:12,7,0,1
BRDA:12,7,1,4
BRDA:15,89,1,32
BRDA:17,72,1,112
BRDA:19,37,0,57
BRDA:19,37,1,112
BRDA:17,72,0,32
BRDA:15,89,0,4
LF:17
LH:17
BRF:8
BRH:8
FNF:1
FNH:1
end_of_record
SF:C:\Users\Ameer\Documents\SortAlgorithmChooser\SortManager\Model\DotNetSort.cs
FN:10,System.Int32[] Model.DotNetSort::Sort(System.Int32[])
FNDA:5,System.Int32[] Model.DotNetSort::Sort(System.Int32[])
DA:11,5
DA:12,5
DA:13,4
DA:14,4
LF:4
LH:4
BRF:0
BRH:0
FNF:1
FNH:1
end_of_record
SF:C:\Users\Ameer\Documents\SortAlgorithmChooser\SortManager\Model\MergeSortModel.cs
FN:10,System.Int32[] Model._model::Sort(System.Int32[])
FNDA:61,System.Int32[] Model._model::Sort(System.Int32[])
DA:11,61
DA:13,93
DA:16,28
DA:17,28
DA:19,152
DA:20,48
DA:22,228
DA:23,48
DA:25,28
DA:26,28
DA:28,28
DA:29,60
BRDA:13,9,0,32
BRDA:13,9,1,28
BRDA:19,69,1,48
BRDA:19,69,0,28
BRDA:22,112,1,48
BRDA:22,112,0,28
FN:31,System.Int32[] Model._model::Merge(System.Int32[],System.Int32[])
FNDA:34,System.Int32[] Model._model::Merge(System.Int32[],System.Int32[])
DA:32,34
DA:33,34
DA:34,102
DA:36,260
DA:37,113
DA:38,113
DA:39,70
DA:40,70
DA:41,38
DA:43,32
DA:44,70
DA:45,43
DA:46,18
DA:47,18
DA:48,18
DA:50,25
DA:51,25
DA:52,25
DA:53,113
DA:55,34
DA:56,34
BRDA:36,137,1,113
BRDA:38,27,0,88
BRDA:38,27,1,25
BRDA:38,42,0,70
BRDA:40,57,0,38
BRDA:40,57,1,32
BRDA:38,42,1,43
BRDA:45,94,0,18
BRDA:45,94,1,25
BRDA:36,137,0,34
LF:33
LH:33
BRF:16
BRH:16
FNF:2
FNH:2
end_of_record